<?xml version="1.0" encoding="UTF-8"?>
<!-- Generated by org.testng.reporters.JUnitReportReporter -->
<testsuite hostname="DESKTOP-LDTN898" failures="0" tests="1" name="MavenProject.Maven.HomePage" time="22.506" errors="0" timestamp="2020-03-01T21:41:28 BDT" skipped="0">
  <testcase classname="MavenProject.Maven.HomePage" name="basePageNavigation" time="22.506"/>
  <system-out/>
</testsuite> <!-- MavenProject.Maven.HomePage -->
