<?xml version="1.0" encoding="UTF-8"?>
<!-- Generated by org.testng.reporters.JUnitReportReporter -->
<testsuite hostname="DESKTOP-LDTN898" failures="0" tests="2" name="MavenProject.Maven.HomePage" time="42.890" errors="0" timestamp="2020-03-07T13:45:08 BDT" skipped="0">
  <testcase classname="MavenProject.Maven.HomePage" name="basePageNavigation" time="23.127"/>
  <system-out/>
  <testcase classname="MavenProject.Maven.HomePage" name="basePageNavigation" time="19.763"/>
  <system-out/>
</testsuite> <!-- MavenProject.Maven.HomePage -->
