<?xml version="1.0" encoding="UTF-8"?>
<!-- Generated by org.testng.reporters.JUnitReportReporter -->
<testsuite hostname="DESKTOP-P8V181P" failures="0" tests="1" name="test.LoginTest" time="5.151" errors="0" timestamp="2020-09-12T01:08:29 BDT" skipped="0">
  <testcase classname="test.LoginTest" name="init" time="5.151"/>
  <system-out/>
</testsuite> <!-- test.LoginTest -->
