<?xml version="1.0" encoding="UTF-8"?>
<!-- Generated by org.testng.reporters.JUnitReportReporter -->
<testsuite hostname="DESKTOP-LDTN898" failures="0" tests="1" name="MavenProject.Maven.HomePage" time="12.276" errors="0" timestamp="2020-02-29T23:15:36 BDT" skipped="0">
  <testcase classname="MavenProject.Maven.HomePage" name="basePageNavigation" time="12.276"/>
  <system-out/>
</testsuite> <!-- MavenProject.Maven.HomePage -->
