<?xml version="1.0" encoding="UTF-8"?>
<!-- Generated by org.testng.reporters.JUnitReportReporter -->
<testsuite hostname="DESKTOP-LDTN898" failures="0" tests="1" name="test.LoginTest" time="17.615" errors="0" timestamp="2020-06-13T13:14:13 BDT" skipped="0">
  <testcase classname="test.LoginTest" name="init" time="17.615"/>
  <system-out/>
</testsuite> <!-- test.LoginTest -->
