<?xml version="1.0" encoding="UTF-8"?>
<!-- Generated by org.testng.reporters.JUnitReportReporter -->
<testsuite hostname="DESKTOP-LDTN898" failures="0" tests="1" name="test.LoginTest" time="2.604" errors="0" timestamp="2020-03-07T15:58:19 BDT" skipped="0">
  <testcase classname="test.LoginTest" name="init" time="2.604"/>
  <system-out/>
</testsuite> <!-- test.LoginTest -->
