<?xml version="1.0" encoding="UTF-8"?>
<!-- Generated by org.testng.reporters.JUnitReportReporter -->
<testsuite hostname="DESKTOP-LDTN898" failures="0" tests="2" name="MavenProject.Maven.HomePage" time="55.065" errors="0" timestamp="2020-03-01T21:58:43 BDT" skipped="0">
  <testcase classname="MavenProject.Maven.HomePage" name="basePageNavigation" time="33.233"/>
  <system-out/>
  <testcase classname="MavenProject.Maven.HomePage" name="basePageNavigation" time="21.832"/>
  <system-out/>
</testsuite> <!-- MavenProject.Maven.HomePage -->
