<?xml version="1.0" encoding="UTF-8"?>
<!-- Generated by org.testng.reporters.JUnitReportReporter -->
<testsuite hostname="DESKTOP-LDTN898" failures="0" tests="1" name="Ecommerce.EcommerceTest" time="46.012" errors="0" timestamp="2020-06-13T16:06:23 BDT" skipped="0">
  <testcase classname="Ecommerce.EcommerceTest" name="init" time="46.012"/>
  <system-out/>
</testsuite> <!-- Ecommerce.EcommerceTest -->
